-----------------------------------------------------------------------------

Input images    : /home/seba/Documents/DECALS/joined_bricks/186/186_image_g.fits,/home/seba/Documents/DECALS/joined_bricks/186/186_image_i.fits,/home/seba/Documents/DECALS/joined_bricks/186/186_image_z.fits [1:1374,1:1374] 
Init. par. file : inputs/galfit_186.input 
Restart file    : galfitm_output/galfitm_group_186.galfit.01 
Output image    : galfitm_output/galfitm_group_186.fits 

 g  : sersic    : (  719.85,   407.99)   20.21     15.89  *16.38*   0.99    81.12
                  (    0.90,     0.00)    0.00      1.11   *0.00*   3.67    52.95
 i  : sersic    : (  719.85,   407.99)   24.09      5.52    5.76    0.99    81.12
                  (    0.90,     0.00)    0.00      1.11    0.00    3.67    52.95
 z  : sersic    : (  719.85,   407.99)   24.25     *0.04*   0.14    0.99    81.12
                  (    0.90,     0.00)    0.00     *1.11*   0.00    3.67    52.95
 g  : sersic    : (  838.62,   719.64)   17.49     23.62    5.17    0.79   -43.49
                  (    0.90,     0.00)    0.00      1.11    0.00    3.67    52.95
 i  : sersic    : (  838.62,   719.64)   17.18      9.06    1.85    0.79   -43.49
                  (    0.90,     0.00)    0.00      1.11    0.00    3.67    52.95
 z  : sersic    : (  838.62,   719.64)   17.47      1.37    0.10    0.79   -43.49
                  (    0.90,     0.00)    0.00      1.11    0.00    3.67    52.95
 g  : sersic    : (  628.93,   914.41)   19.28      0.85    1.72    0.29    53.65
                  (    0.90,     0.00)    0.00      1.11    0.00    3.67    52.95
 i  : sersic    : (  628.93,   914.41)   18.84      2.28    0.87    0.29    53.65
                  (    0.90,     0.00)    0.00      1.11    0.00    3.67    52.95
 z  : sersic    : (  628.93,   914.41)   18.08      3.03    0.42    0.29    53.65
                  (    0.90,     0.00)    0.00      1.11    0.00    3.67    52.95
 g  : sersic    : (  571.77,   709.75)   18.62      4.16    1.24   *0.01*    8.51
                  (    0.90,     0.00)    0.00      1.11    0.00   *3.67*   52.95
 i  : sersic    : (  571.77,   709.75)   18.78      3.22    0.51   *0.01*    8.51
                  (    0.90,     0.00)    0.00      1.11    0.00   *3.67*   52.95
 z  : sersic    : (  571.77,   709.75)   18.45      2.72    0.12   *0.01*    8.51
                  (    0.90,     0.00)    0.00      1.11    0.00   *3.67*   52.95
 g  : sky       : [687.50, 687.50]  -6.59e-04  [0.00e+00]  [0.00e+00]
                                9.05e-01  [0.00e+00]  [0.00e+00]
 i  : sky       : [687.50, 687.50]  -3.37e-04  [0.00e+00]  [0.00e+00]
                                9.05e-01  [0.00e+00]  [0.00e+00]
 z  : sky       : [687.50, 687.50]  3.39e-05  [0.00e+00]  [0.00e+00]
                                9.05e-01  [0.00e+00]  [0.00e+00]
 Chi^2 = 2683996.05076,  ndof = 5504349
 Chi^2/nu = 0.488 

-----------------------------------------------------------------------------
-----------------------------------------------------------------------------

Input images    : /home/seba/Documents/DECALS/joined_bricks/1/1_image_g.fits,/home/seba/Documents/DECALS/joined_bricks/1/1_image_r.fits,/home/seba/Documents/DECALS/joined_bricks/1/1_image_i.fits,/home/seba/Documents/DECALS/joined_bricks/1/1_image_z.fits [1:1374,1:1374] 
Init. par. file : inputs/galfit_1.input 
Restart file    : galfitm_output/galfitm_group_1.galfit.01 
Output image    : galfitm_output/galfitm_group_1.fits 

 g  : sersic    : (  483.44,   564.99)   18.59      6.11    0.46   *0.06*   28.12
                  (    0.95,     0.00)    0.00      0.00    1.29   *1.16*    1.48
 r  : sersic    : (  483.44,   564.99)   18.27      4.17    1.50   *0.06*   28.12
                  (    0.95,     0.00)    0.00      0.00    1.29   *1.16*    1.48
 i  : sersic    : (  483.44,   564.99)   18.13      2.33    2.48   *0.06*   28.12
                  (    0.95,     0.00)    0.00      0.00    1.29   *1.16*    1.48
 z  : sersic    : (  483.44,   564.99)   17.84     *0.33*   3.55   *0.06*   28.12
                  (    0.95,     0.00)    0.00     *0.00*   1.29   *1.16*    1.48
 g  : sersic    : (  626.21,   662.86)   17.80     10.84    2.98    0.31    -5.48
                  (    0.95,     0.00)    0.00      0.00    1.29    1.16     1.48
 r  : sersic    : (  626.21,   662.86)   17.25      8.81    2.38    0.31    -5.48
                  (    0.95,     0.00)    0.00      0.00    1.29    1.16     1.48
 i  : sersic    : (  626.21,   662.86)   17.42      6.87    1.80    0.31    -5.48
                  (    0.95,     0.00)    0.00      0.00    1.29    1.16     1.48
 z  : sersic    : (  626.21,   662.86)   16.60      4.77    1.18    0.31    -5.48
                  (    0.95,     0.00)    0.00      0.00    1.29    1.16     1.48
 g  : sersic    : (  893.11,   839.05)   18.39      7.76    3.51   *0.04*    0.40
                  (    0.95,     0.00)    0.00      0.00    1.29   *1.16*    1.48
 r  : sersic    : (  893.11,   839.05)   17.60      5.40    2.51   *0.04*    0.40
                  (    0.95,     0.00)    0.00      0.00    1.29   *1.16*    1.48
 i  : sersic    : (  893.11,   839.05)   17.47      3.15    1.55   *0.04*    0.40
                  (    0.95,     0.00)    0.00      0.00    1.29   *1.16*    1.48
 z  : sersic    : (  893.11,   839.05)   17.12      0.71    0.51   *0.04*    0.40
                  (    0.95,     0.00)    0.00      0.00    1.29   *1.16*    1.48
 g  : sersic    : (  742.29,   676.81)   19.31      6.83    1.59    0.41    56.82
                  (    0.95,     0.00)    0.00      0.00    1.29    1.16     1.48
 r  : sersic    : (  742.29,   676.81)   19.09      4.78    1.32    0.41    56.82
                  (    0.95,     0.00)    0.00      0.00    1.29    1.16     1.48
 i  : sersic    : (  742.29,   676.81)   19.49      2.81    1.07    0.41    56.82
                  (    0.95,     0.00)    0.00      0.00    1.29    1.16     1.48
 z  : sersic    : (  742.29,   676.81)   18.44      0.69    0.79    0.41    56.82
                  (    0.95,     0.00)    0.00      0.00    1.29    1.16     1.48
 g  : sky       : [687.50, 687.50]  1.76e-02  [0.00e+00]  [0.00e+00]
                                9.51e-01  [0.00e+00]  [0.00e+00]
 r  : sky       : [687.50, 687.50]  1.77e-02  [0.00e+00]  [0.00e+00]
                                9.51e-01  [0.00e+00]  [0.00e+00]
 i  : sky       : [687.50, 687.50]  1.78e-02  [0.00e+00]  [0.00e+00]
                                9.51e-01  [0.00e+00]  [0.00e+00]
 z  : sky       : [687.50, 687.50]  1.80e-02  [0.00e+00]  [0.00e+00]
                                9.51e-01  [0.00e+00]  [0.00e+00]
 Chi^2 = 0.01036,  ndof = 7379899
 Chi^2/nu = 0.000 

-----------------------------------------------------------------------------
-----------------------------------------------------------------------------

Input images    : /home/seba/Documents/DECALS/joined_bricks/1/1_image_g.fits,/home/seba/Documents/DECALS/joined_bricks/1/1_image_r.fits,/home/seba/Documents/DECALS/joined_bricks/1/1_image_i.fits,/home/seba/Documents/DECALS/joined_bricks/1/1_image_z.fits [1:1374,1:1374] 
Init. par. file : inputs/galfit_1.input 
Restart file    : galfitm_output/galfitm_group_1.galfit.01 
Output image    : galfitm_output/galfitm_group_1.fits 

 g  : sersic    : (  483.76,   565.44)   18.36      0.53  *13.61*  *0.04*   48.70
                  (    0.06,     0.00)    0.00      0.00   *0.02*  *0.01*    0.00
 r  : sersic    : (  483.76,   565.44)   17.81      1.47  *15.75*  *0.04*   48.70
                  (    0.06,     0.00)    0.00      0.00   *0.02*  *0.01*    0.00
 i  : sersic    : (  483.76,   565.44)   17.32      2.36  *17.78*  *0.04*   48.70
                  (    0.06,     0.00)    0.00      0.00   *0.02*  *0.01*    0.00
 z  : sersic    : (  483.76,   565.44)   17.25      3.33  *19.99*  *0.04*   48.70
                  (    0.06,     0.00)    0.00      0.00   *0.02*  *0.01*    0.00
 g  : sersic    : (  625.99,   662.86)   17.40      8.60    0.59    0.22    -0.32
                  (    0.06,     0.00)    0.00      0.00    0.02    0.01     0.00
 r  : sersic    : (  625.99,   662.86)   16.86      6.60    2.20    0.22    -0.32
                  (    0.06,     0.00)    0.00      0.00    0.02    0.01     0.00
 i  : sersic    : (  625.99,   662.86)   16.45      4.68    3.73    0.22    -0.32
                  (    0.06,     0.00)    0.00      0.00    0.02    0.01     0.00
 z  : sersic    : (  625.99,   662.86)   16.50      2.61    5.38    0.22    -0.32
                  (    0.06,     0.00)    0.00      0.00    0.02    0.01     0.00
 g  : sersic    : (  892.59,   838.86)   18.25      0.82    1.13    0.81     5.32
                  (    0.06,     0.00)    0.00      0.00    0.02    0.01     0.00
 r  : sersic    : (  892.59,   838.86)   17.67      0.56    2.08    0.81     5.32
                  (    0.06,     0.00)    0.00      0.00    0.02    0.01     0.00
 i  : sersic    : (  892.59,   838.86)   17.23     *0.30*   2.99    0.81     5.32
                  (    0.06,     0.00)    0.00     *0.00*   0.02    0.01     0.00
 z  : sersic    : (  892.59,   838.86)   16.97     *0.02*   3.96    0.81     5.32
                  (    0.06,     0.00)    0.00     *0.00*   0.02    0.01     0.00
 g  : sersic    : (  741.94,   676.53)   18.59      2.25    0.10   *0.07*   65.78
                  (    0.06,     0.00)    0.00      0.00    0.02   *0.01*    0.00
 r  : sersic    : (  741.94,   676.53)   18.33      1.54    2.61   *0.07*   65.78
                  (    0.06,     0.00)    0.00      0.00    0.02   *0.01*    0.00
 i  : sersic    : (  741.94,   676.53)   17.98      0.88    5.00   *0.07*   65.78
                  (    0.06,     0.00)    0.00      0.00    0.02   *0.01*    0.00
 z  : sersic    : (  741.94,   676.53)   17.99     *0.15*   7.59   *0.07*   65.78
                  (    0.06,     0.00)    0.00     *0.00*   0.02   *0.01*    0.00
 g  : sky       : [687.50, 687.50]  1.57e-04  [0.00e+00]  [0.00e+00]
                                6.39e-02  [0.00e+00]  [0.00e+00]
 r  : sky       : [687.50, 687.50]  2.75e-04  [0.00e+00]  [0.00e+00]
                                6.39e-02  [0.00e+00]  [0.00e+00]
 i  : sky       : [687.50, 687.50]  3.82e-04  [0.00e+00]  [0.00e+00]
                                6.39e-02  [0.00e+00]  [0.00e+00]
 z  : sky       : [687.50, 687.50]  5.68e-04  [0.00e+00]  [0.00e+00]
                                6.39e-02  [0.00e+00]  [0.00e+00]
 Chi^2 = 3852140.14471,  ndof = 7379899
 Chi^2/nu = 0.522 

-----------------------------------------------------------------------------
-----------------------------------------------------------------------------

Input images    : /home/seba/Documents/DECALS/joined_bricks/1/1_image_g.fits,/home/seba/Documents/DECALS/joined_bricks/1/1_image_r.fits,/home/seba/Documents/DECALS/joined_bricks/1/1_image_i.fits,/home/seba/Documents/DECALS/joined_bricks/1/1_image_z.fits [1:1374,1:1374] 
Init. par. file : inputs/galfit_1.input 
Restart file    : galfitm_output/galfitm_group_1.galfit.01 
Output image    : galfitm_output/galfitm_group_1.fits 

 g  : sersic    : (  483.78,   565.48)   18.33     *0.01*   3.61   *0.04*   49.83
                  (    0.03,     0.00)    0.00     *0.00*   0.01   *1.75*    3.02
 r  : sersic    : (  483.78,   565.48)   17.92      1.10    2.44   *0.04*   49.83
                  (    0.03,     0.00)    0.00      0.00    0.01   *1.75*    3.02
 i  : sersic    : (  483.78,   565.48)   17.47      2.14    1.33   *0.04*   49.83
                  (    0.03,     0.00)    0.00      0.00    0.01   *1.75*    3.02
 z  : sersic    : (  483.78,   565.48)   17.36      3.27    0.13   *0.04*   49.83
                  (    0.03,     0.00)    0.00      0.00    0.01   *1.75*    3.02
 g  : sersic    : (  626.95,   663.29)   17.63      4.90    1.78   *0.01*    0.19
                  (    0.03,     0.00)    0.00      0.00    0.01   *1.75*    3.02
 r  : sersic    : (  626.95,   663.29)   17.04      3.75    3.06   *0.01*    0.19
                  (    0.03,     0.00)    0.00      0.00    0.01   *1.75*    3.02
 i  : sersic    : (  626.95,   663.29)   16.54      2.65    4.28   *0.01*    0.19
                  (    0.03,     0.00)    0.00      0.00    0.01   *1.75*    3.02
 z  : sersic    : (  626.95,   663.29)   16.43      1.46    5.59   *0.01*    0.19
                  (    0.03,     0.00)    0.00      0.00    0.01   *1.75*    3.02
 g  : sersic    : (  892.54,   839.17)   18.33     *0.33*   0.58   *0.09*  -76.81
                  (    0.03,     0.00)    0.00     *0.00*   0.01   *1.75*    3.02
 r  : sersic    : (  892.54,   839.17)   17.69     *0.27*   1.34   *0.09*  -76.81
                  (    0.03,     0.00)    0.00     *0.00*   0.01   *1.75*    3.02
 i  : sersic    : (  892.54,   839.17)   17.30     *0.22*   2.07   *0.09*  -76.81
                  (    0.03,     0.00)    0.00     *0.00*   0.01   *1.75*    3.02
 z  : sersic    : (  892.54,   839.17)   17.25     *0.16*   2.85   *0.09*  -76.81
                  (    0.03,     0.00)    0.00     *0.00*   0.01   *1.75*    3.02
 g  : sersic    : (  742.52,   677.18)   18.65      0.81    0.25   *0.08*   64.04
                  (    0.03,     0.00)    0.00      0.00    0.01   *1.75*    3.02
 r  : sersic    : (  742.52,   677.18)   18.38      1.12    0.28   *0.08*   64.04
                  (    0.03,     0.00)    0.00      0.00    0.01   *1.75*    3.02
 i  : sersic    : (  742.52,   677.18)   18.04      1.41    0.31   *0.08*   64.04
                  (    0.03,     0.00)    0.00      0.00    0.01   *1.75*    3.02
 z  : sersic    : (  742.52,   677.18)   18.10      1.72    0.34   *0.08*   64.04
                  (    0.03,     0.00)    0.00      0.00    0.01   *1.75*    3.02
 g  : sky       : [687.50, 687.50]  1.67e-04  [0.00e+00]  [0.00e+00]
                                2.76e-02  [0.00e+00]  [0.00e+00]
 r  : sky       : [687.50, 687.50]  2.85e-04  [0.00e+00]  [0.00e+00]
                                2.76e-02  [0.00e+00]  [0.00e+00]
 i  : sky       : [687.50, 687.50]  3.92e-04  [0.00e+00]  [0.00e+00]
                                2.76e-02  [0.00e+00]  [0.00e+00]
 z  : sky       : [687.50, 687.50]  5.78e-04  [0.00e+00]  [0.00e+00]
                                2.76e-02  [0.00e+00]  [0.00e+00]
 Chi^2 = 3876723.41445,  ndof = 7379899
 Chi^2/nu = 0.525 

-----------------------------------------------------------------------------
-----------------------------------------------------------------------------

Input images    : /home/seba/Documents/DECALS/joined_bricks/20/20_image_g.fits,/home/seba/Documents/DECALS/joined_bricks/20/20_image_r.fits,/home/seba/Documents/DECALS/joined_bricks/20/20_image_i.fits,/home/seba/Documents/DECALS/joined_bricks/20/20_image_z.fits [1:1374,1:1374] 
Init. par. file : inputs/galfit_20.input 
Restart file    : galfitm_output/galfitm_group_20.galfit.01 
Output image    : galfitm_output/galfitm_group_20.fits 

 g  : sersic    : (  757.29,   659.90)   16.47     31.43    0.59   *0.03*  -23.43
                  (    0.00,     0.00)    0.00      0.00    0.01   *0.00*    0.00
 r  : sersic    : (  757.29,   659.90)   15.77     27.74    0.93   *0.03*  -23.43
                  (    0.00,     0.00)    0.00      0.00    0.01   *0.00*    0.00
 i  : sersic    : (  757.29,   659.90)   15.46     24.23    1.26   *0.03*  -23.43
                  (    0.00,     0.00)    0.00      0.00    0.01   *0.00*    0.00
 z  : sersic    : (  757.29,   659.90)   15.18     20.42    1.61   *0.03*  -23.43
                  (    0.00,     0.00)    0.00      0.00    0.01   *0.00*    0.00
 g  : sersic    : (  607.95,   768.19)   17.30     11.41    1.06   *0.04*   78.55
                  (    0.00,     0.00)    0.00      0.00    0.01   *0.00*    0.00
 r  : sersic    : (  607.95,   768.19)   16.58      9.82    1.36   *0.04*   78.55
                  (    0.00,     0.00)    0.00      0.00    0.01   *0.00*    0.00
 i  : sersic    : (  607.95,   768.19)   16.30      8.30    1.64   *0.04*   78.55
                  (    0.00,     0.00)    0.00      0.00    0.01   *0.00*    0.00
 z  : sersic    : (  607.95,   768.19)   16.08      6.66    1.95   *0.04*   78.55
                  (    0.00,     0.00)    0.00      0.00    0.01   *0.00*    0.00
 g  : sersic    : (  677.55,   520.81)   17.95      4.91    2.31    0.11   -65.21
                  (    0.00,     0.00)    0.00      0.00    0.01    0.00     0.00
 r  : sersic    : (  677.55,   520.81)   17.42      3.41    6.76    0.11   -65.21
                  (    0.00,     0.00)    0.00      0.00    0.01    0.00     0.00
 i  : sersic    : (  677.55,   520.81)   17.12      1.99  *11.00*   0.11   -65.21
                  (    0.00,     0.00)    0.00      0.00   *0.01*   0.00     0.00
 z  : sersic    : (  677.55,   520.81)   17.01     *0.45* *15.59*   0.11   -65.21
                  (    0.00,     0.00)    0.00     *0.00*  *0.01*   0.00     0.00
 g  : sersic    : (  726.90,   783.55)   20.29     69.00    0.35    0.12    41.47
                  (    0.00,     0.00)    0.00      0.00    0.01    0.00     0.00
 r  : sersic    : (  726.90,   783.55)   20.12     47.35    2.41    0.12    41.47
                  (    0.00,     0.00)    0.00      0.00    0.01    0.00     0.00
 i  : sersic    : (  726.90,   783.55)   20.36     26.70    4.38    0.12    41.47
                  (    0.00,     0.00)    0.00      0.00    0.01    0.00     0.00
 z  : sersic    : (  726.90,   783.55)   23.80      4.34    6.51    0.12    41.47
                  (    0.00,     0.00)    0.00      0.00    0.01    0.00     0.00
 g  : sky       : [687.50, 687.50]  1.12e-04  [0.00e+00]  [0.00e+00]
                                2.42e-03  [0.00e+00]  [0.00e+00]
 r  : sky       : [687.50, 687.50]  1.75e-04  [0.00e+00]  [0.00e+00]
                                2.42e-03  [0.00e+00]  [0.00e+00]
 i  : sky       : [687.50, 687.50]  3.68e-04  [0.00e+00]  [0.00e+00]
                                2.42e-03  [0.00e+00]  [0.00e+00]
 z  : sky       : [687.50, 687.50]  3.44e-04  [0.00e+00]  [0.00e+00]
                                2.42e-03  [0.00e+00]  [0.00e+00]
 Chi^2 = 6051253.17516,  ndof = 7253063
 Chi^2/nu = 0.834 

-----------------------------------------------------------------------------
-----------------------------------------------------------------------------

Input images    : /home/seba/Documents/DECALS/joined_bricks/20/20_image_g.fits,/home/seba/Documents/DECALS/joined_bricks/20/20_image_r.fits,/home/seba/Documents/DECALS/joined_bricks/20/20_image_i.fits,/home/seba/Documents/DECALS/joined_bricks/20/20_image_z.fits [1:1374,1:1374] 
Init. par. file : inputs/galfit_20.input 
Restart file    : galfitm_output/galfitm_group_20.galfit.01 
Output image    : galfitm_output/galfitm_group_20.fits 

 g  : sersic    : (  757.29,   659.90)   16.47     31.43    0.59   *0.03*  -23.43
                  (    0.00,     0.00)    0.00      0.00    0.01   *0.00*    0.00
 r  : sersic    : (  757.29,   659.90)   15.77     27.74    0.93   *0.03*  -23.43
                  (    0.00,     0.00)    0.00      0.00    0.01   *0.00*    0.00
 i  : sersic    : (  757.29,   659.90)   15.46     24.23    1.26   *0.03*  -23.43
                  (    0.00,     0.00)    0.00      0.00    0.01   *0.00*    0.00
 z  : sersic    : (  757.29,   659.90)   15.18     20.42    1.61   *0.03*  -23.43
                  (    0.00,     0.00)    0.00      0.00    0.01   *0.00*    0.00
 g  : sersic    : (  607.95,   768.19)   17.30     11.41    1.06   *0.04*   78.55
                  (    0.00,     0.00)    0.00      0.00    0.01   *0.00*    0.00
 r  : sersic    : (  607.95,   768.19)   16.58      9.82    1.36   *0.04*   78.55
                  (    0.00,     0.00)    0.00      0.00    0.01   *0.00*    0.00
 i  : sersic    : (  607.95,   768.19)   16.30      8.30    1.64   *0.04*   78.55
                  (    0.00,     0.00)    0.00      0.00    0.01   *0.00*    0.00
 z  : sersic    : (  607.95,   768.19)   16.08      6.66    1.95   *0.04*   78.55
                  (    0.00,     0.00)    0.00      0.00    0.01   *0.00*    0.00
 g  : sersic    : (  677.55,   520.81)   17.95      4.91    2.31    0.11   -65.21
                  (    0.00,     0.00)    0.00      0.00    0.01    0.00     0.00
 r  : sersic    : (  677.55,   520.81)   17.42      3.41    6.76    0.11   -65.21
                  (    0.00,     0.00)    0.00      0.00    0.01    0.00     0.00
 i  : sersic    : (  677.55,   520.81)   17.12      1.99  *11.00*   0.11   -65.21
                  (    0.00,     0.00)    0.00      0.00   *0.01*   0.00     0.00
 z  : sersic    : (  677.55,   520.81)   17.01     *0.45* *15.59*   0.11   -65.21
                  (    0.00,     0.00)    0.00     *0.00*  *0.01*   0.00     0.00
 g  : sersic    : (  726.90,   783.55)   20.29     69.00    0.35    0.12    41.47
                  (    0.00,     0.00)    0.00      0.00    0.01    0.00     0.00
 r  : sersic    : (  726.90,   783.55)   20.12     47.35    2.41    0.12    41.47
                  (    0.00,     0.00)    0.00      0.00    0.01    0.00     0.00
 i  : sersic    : (  726.90,   783.55)   20.36     26.70    4.38    0.12    41.47
                  (    0.00,     0.00)    0.00      0.00    0.01    0.00     0.00
 z  : sersic    : (  726.90,   783.55)   23.80      4.34    6.51    0.12    41.47
                  (    0.00,     0.00)    0.00      0.00    0.01    0.00     0.00
 g  : sky       : [687.50, 687.50]  1.12e-04  [0.00e+00]  [0.00e+00]
                                2.42e-03  [0.00e+00]  [0.00e+00]
 r  : sky       : [687.50, 687.50]  1.75e-04  [0.00e+00]  [0.00e+00]
                                2.42e-03  [0.00e+00]  [0.00e+00]
 i  : sky       : [687.50, 687.50]  3.68e-04  [0.00e+00]  [0.00e+00]
                                2.42e-03  [0.00e+00]  [0.00e+00]
 z  : sky       : [687.50, 687.50]  3.44e-04  [0.00e+00]  [0.00e+00]
                                2.42e-03  [0.00e+00]  [0.00e+00]
 Chi^2 = 6051253.17516,  ndof = 7253063
 Chi^2/nu = 0.834 

-----------------------------------------------------------------------------
-----------------------------------------------------------------------------

Input images    : /home/seba/Documents/DECALS/joined_bricks/20/20_image_g.fits,/home/seba/Documents/DECALS/joined_bricks/20/20_image_r.fits,/home/seba/Documents/DECALS/joined_bricks/20/20_image_i.fits,/home/seba/Documents/DECALS/joined_bricks/20/20_image_z.fits [1:1374,1:1374] 
Init. par. file : inputs/galfit_20.input 
Restart file    : galfitm_output/galfitm_group_20.galfit.01 
Output image    : galfitm_output/galfitm_group_20.fits 

 g  : sersic    : (  757.31,   659.94)   16.45     32.01    0.71   *0.03*  -23.30
                  (    0.00,     0.00)    0.00      0.00    0.01   *0.00*    0.00
 r  : sersic    : (  757.31,   659.94)   15.74     28.16    1.12   *0.03*  -23.30
                  (    0.00,     0.00)    0.00      0.00    0.01   *0.00*    0.00
 i  : sersic    : (  757.31,   659.94)   15.41     24.50    1.50   *0.03*  -23.30
                  (    0.00,     0.00)    0.00      0.00    0.01   *0.00*    0.00
 z  : sersic    : (  757.31,   659.94)   15.12     20.53    1.92   *0.03*  -23.30
                  (    0.00,     0.00)    0.00      0.00    0.01   *0.00*    0.00
 g  : sersic    : (  607.96,   768.23)   17.32     11.63    0.95   *0.05*   78.78
                  (    0.00,     0.00)    0.00      0.00    0.01   *0.00*    0.00
 r  : sersic    : (  607.96,   768.23)   16.60      9.88    1.24   *0.05*   78.78
                  (    0.00,     0.00)    0.00      0.00    0.01   *0.00*    0.00
 i  : sersic    : (  607.96,   768.23)   16.34      8.21    1.53   *0.05*   78.78
                  (    0.00,     0.00)    0.00      0.00    0.01   *0.00*    0.00
 z  : sersic    : (  607.96,   768.23)   16.12      6.39    1.83   *0.05*   78.78
                  (    0.00,     0.00)    0.00      0.00    0.01   *0.00*    0.00
 g  : sersic    : (  677.45,   520.64)   17.92      5.41    2.41   *0.08*  -63.71
                  (    0.00,     0.00)    0.00      0.00    0.01   *0.00*    0.00
 r  : sersic    : (  677.45,   520.64)   17.48      4.14    2.87   *0.08*  -63.71
                  (    0.00,     0.00)    0.00      0.00    0.01   *0.00*    0.00
 i  : sersic    : (  677.45,   520.64)   17.23      2.92    3.31   *0.08*  -63.71
                  (    0.00,     0.00)    0.00      0.00    0.01   *0.00*    0.00
 z  : sersic    : (  677.45,   520.64)   17.16      1.60    3.79   *0.08*  -63.71
                  (    0.00,     0.00)    0.00      0.00    0.01   *0.00*    0.00
 g  : sersic    : (  724.76,   785.89)   21.40      6.67    2.89    0.30    26.57
                  (    0.00,     0.00)    0.00      0.00    0.01    0.00     0.00
 r  : sersic    : (  724.76,   785.89)   20.75      6.11    3.78    0.30    26.57
                  (    0.00,     0.00)    0.00      0.00    0.01    0.00     0.00
 i  : sersic    : (  724.76,   785.89)   20.70      5.57    4.63    0.30    26.57
                  (    0.00,     0.00)    0.00      0.00    0.01    0.00     0.00
 z  : sersic    : (  724.76,   785.89)   23.23      4.99    5.54    0.30    26.57
                  (    0.00,     0.00)    0.00      0.00    0.01    0.00     0.00
 g  : sky       : [687.50, 687.50]  1.11e-04  [0.00e+00]  [0.00e+00]
                                2.28e-03  [0.00e+00]  [0.00e+00]
 r  : sky       : [687.50, 687.50]  1.75e-04  [0.00e+00]  [0.00e+00]
                                2.28e-03  [0.00e+00]  [0.00e+00]
 i  : sky       : [687.50, 687.50]  3.67e-04  [0.00e+00]  [0.00e+00]
                                2.28e-03  [0.00e+00]  [0.00e+00]
 z  : sky       : [687.50, 687.50]  3.43e-04  [0.00e+00]  [0.00e+00]
                                2.28e-03  [0.00e+00]  [0.00e+00]
 Chi^2 = 6020568.46872,  ndof = 7253063
 Chi^2/nu = 0.830 

-----------------------------------------------------------------------------
-----------------------------------------------------------------------------

Input images    : /home/seba/Documents/DECALS/joined_bricks/20/20_image_g.fits,/home/seba/Documents/DECALS/joined_bricks/20/20_image_r.fits,/home/seba/Documents/DECALS/joined_bricks/20/20_image_i.fits,/home/seba/Documents/DECALS/joined_bricks/20/20_image_z.fits [1:1374,1:1374] 
Init. par. file : inputs/galfit_20.input 
Restart file    : galfitm_output/galfitm_group_20.galfit.02 
Output image    : galfitm_output/galfitm_group_20.fits 

 g  : sersic    : (  757.05,   659.91)   16.46     30.50    0.64   *0.02*  -23.49
                  (    0.00,     0.00)    0.00      0.00    0.01   *0.00*    0.00
 r  : sersic    : (  757.05,   659.91)   15.74     26.77    1.00   *0.02*  -23.49
                  (    0.00,     0.00)    0.00      0.00    0.01   *0.00*    0.00
 i  : sersic    : (  757.05,   659.91)   15.39     23.20    1.35   *0.02*  -23.49
                  (    0.00,     0.00)    0.00      0.00    0.01   *0.00*    0.00
 z  : sersic    : (  757.05,   659.91)   15.09     19.34    1.72   *0.02*  -23.49
                  (    0.00,     0.00)    0.00      0.00    0.01   *0.00*    0.00
 g  : sersic    : (  607.76,   768.14)   17.16     10.49    1.18   *0.04*   78.17
                  (    0.00,     0.00)    0.00      0.00    0.01   *0.00*    0.00
 r  : sersic    : (  607.76,   768.14)   16.55      9.32    1.34   *0.04*   78.17
                  (    0.00,     0.00)    0.00      0.00    0.01   *0.00*    0.00
 i  : sersic    : (  607.76,   768.14)   16.28      8.20    1.49   *0.04*   78.17
                  (    0.00,     0.00)    0.00      0.00    0.01   *0.00*    0.00
 z  : sersic    : (  607.76,   768.14)   16.07      6.99    1.65   *0.04*   78.17
                  (    0.00,     0.00)    0.00      0.00    0.01   *0.00*    0.00
 g  : sersic    : (  677.10,   520.42)   17.88      5.49    2.47    0.10   -65.67
                  (    0.00,     0.00)    0.00      0.00    0.01    0.00     0.00
 r  : sersic    : (  677.10,   520.42)   17.51      3.82    2.16    0.10   -65.67
                  (    0.00,     0.00)    0.00      0.00    0.01    0.00     0.00
 i  : sersic    : (  677.10,   520.42)   17.29      2.23    1.87    0.10   -65.67
                  (    0.00,     0.00)    0.00      0.00    0.01    0.00     0.00
 z  : sersic    : (  677.10,   520.42)   20.80      0.51    1.55    0.10   -65.67
                  (    0.00,     0.00)    0.00      0.00    0.01    0.00     0.00
 g  : sersic    : (  724.45,   786.82)   21.64      2.81    5.27    0.33    44.98
                  (    0.00,     0.00)    0.00      0.00    0.01    0.00     0.00
 r  : sersic    : (  724.45,   786.82)   20.77      4.55    4.76    0.33    44.98
                  (    0.00,     0.00)    0.00      0.00    0.01    0.00     0.00
 i  : sersic    : (  724.45,   786.82)   20.87      6.21    4.28    0.33    44.98
                  (    0.00,     0.00)    0.00      0.00    0.01    0.00     0.00
 z  : sersic    : (  724.45,   786.82)   25.61      8.01    3.75    0.33    44.98
                  (    0.00,     0.00)    0.00      0.00    0.01    0.00     0.00
 g  : sky       : [687.50, 687.50]  1.17e-04  [0.00e+00]  [0.00e+00]
                                3.08e-03  [0.00e+00]  [0.00e+00]
 r  : sky       : [687.50, 687.50]  1.81e-04  [0.00e+00]  [0.00e+00]
                                3.08e-03  [0.00e+00]  [0.00e+00]
 i  : sky       : [687.50, 687.50]  3.73e-04  [0.00e+00]  [0.00e+00]
                                3.08e-03  [0.00e+00]  [0.00e+00]
 z  : sky       : [687.50, 687.50]  3.49e-04  [0.00e+00]  [0.00e+00]
                                3.08e-03  [0.00e+00]  [0.00e+00]
 Chi^2 = 6300609.44616,  ndof = 7253063
 Chi^2/nu = 0.869 

-----------------------------------------------------------------------------
-----------------------------------------------------------------------------

Input images    : /home/seba/Documents/DECALS/joined_bricks/20/20_image_g.fits,/home/seba/Documents/DECALS/joined_bricks/20/20_image_r.fits,/home/seba/Documents/DECALS/joined_bricks/20/20_image_i.fits,/home/seba/Documents/DECALS/joined_bricks/20/20_image_z.fits [1:1374,1:1374] 
Init. par. file : inputs/galfit_20.input 
Restart file    : galfitm_output/galfitm_group_20.galfit.03 
Output image    : galfitm_output/galfitm_group_20.fits 

 g  : sersic    : (  756.93,   659.45)   16.54     34.06    0.75    0.22   -23.03
                  (    0.00,     0.00)    0.00      0.00    0.00    0.00     0.00
 r  : sersic    : (  756.93,   659.45)   15.85     32.69    0.96    0.22   -23.03
                  (    0.00,     0.00)    0.00      0.00    0.00    0.00     0.00
 i  : sersic    : (  756.93,   659.45)   15.53     31.39    1.15    0.22   -23.03
                  (    0.00,     0.00)    0.00      0.00    0.00    0.00     0.00
 z  : sersic    : (  756.93,   659.45)   15.27     29.98    1.36    0.22   -23.03
                  (    0.00,     0.00)    0.00      0.00    0.00    0.00     0.00
 g  : sersic    : (  607.51,   767.61)   17.43     15.02    0.94    0.29    78.05
                  (    0.00,     0.00)    0.00      0.00    0.00    0.00     0.00
 r  : sersic    : (  607.51,   767.61)   16.82     14.39    0.99    0.29    78.05
                  (    0.00,     0.00)    0.00      0.00    0.00    0.00     0.00
 i  : sersic    : (  607.51,   767.61)   16.57     13.79    1.04    0.29    78.05
                  (    0.00,     0.00)    0.00      0.00    0.00    0.00     0.00
 z  : sersic    : (  607.51,   767.61)   16.36     13.14    1.10    0.29    78.05
                  (    0.00,     0.00)    0.00      0.00    0.00    0.00     0.00
 g  : sersic    : (  676.76,   519.80)   17.91     13.57    1.22    0.67   -63.71
                  (    0.00,     0.00)    0.00      0.00    0.00    0.00     0.00
 r  : sersic    : (  676.76,   519.80)   17.48     12.57    1.34    0.67   -63.71
                  (    0.00,     0.00)    0.00      0.00    0.00    0.00     0.00
 i  : sersic    : (  676.76,   519.80)   17.23     11.63    1.45    0.67   -63.71
                  (    0.00,     0.00)    0.00      0.00    0.00    0.00     0.00
 z  : sersic    : (  676.76,   519.80)   17.19     10.60    1.57    0.67   -63.71
                  (    0.00,     0.00)    0.00      0.00    0.00    0.00     0.00
 g  : sersic    : (  561.54,  1247.98)   17.01    994.95  *19.86*   0.63   -43.23
                  (    0.00,     0.00)    0.00      0.00   *0.00*   0.00     0.00
 r  : sersic    : (  561.54,  1247.98)   16.21    662.48  *14.47*   0.63   -43.23
                  (    0.00,     0.00)    0.00      0.00   *0.00*   0.00     0.00
 i  : sersic    : (  561.54,  1247.98)   16.33    345.25    9.32    0.63   -43.23
                  (    0.00,     0.00)    0.00      0.00    0.00    0.00     0.00
 z  : sersic    : (  561.54,  1247.98)   25.62      1.86    3.75    0.63   -43.23
                  (    0.00,     0.00)    0.00      0.00    0.00    0.00     0.00
 g  : sky       : [687.50, 687.50]  9.93e-05  [0.00e+00]  [0.00e+00]
                                1.99e-03  [0.00e+00]  [0.00e+00]
 r  : sky       : [687.50, 687.50]  1.63e-04  [0.00e+00]  [0.00e+00]
                                1.99e-03  [0.00e+00]  [0.00e+00]
 i  : sky       : [687.50, 687.50]  3.55e-04  [0.00e+00]  [0.00e+00]
                                1.99e-03  [0.00e+00]  [0.00e+00]
 z  : sky       : [687.50, 687.50]  3.31e-04  [0.00e+00]  [0.00e+00]
                                1.99e-03  [0.00e+00]  [0.00e+00]
 Chi^2 = 4040695.78577,  ndof = 7253063
 Chi^2/nu = 0.557 

-----------------------------------------------------------------------------
-----------------------------------------------------------------------------

Input images    : /home/seba/Documents/DECALS/joined_bricks/20/20_image_g.fits,/home/seba/Documents/DECALS/joined_bricks/20/20_image_r.fits,/home/seba/Documents/DECALS/joined_bricks/20/20_image_i.fits,/home/seba/Documents/DECALS/joined_bricks/20/20_image_z.fits [1:1374,1:1374] 
Init. par. file : inputs/galfit_20.input 
Restart file    : galfitm_output/galfitm_group_20.galfit.01 
Output image    : galfitm_output/galfitm_group_20.fits 

 g  : sersic    : (  756.93,   659.45)   16.54     34.04    0.75    0.22   -23.03
                  (    0.00,     0.00)    0.00      0.00    0.00    0.00     0.00
 r  : sersic    : (  756.93,   659.45)   15.85     32.67    0.96    0.22   -23.03
                  (    0.00,     0.00)    0.00      0.00    0.00    0.00     0.00
 i  : sersic    : (  756.93,   659.45)   15.53     31.38    1.15    0.22   -23.03
                  (    0.00,     0.00)    0.00      0.00    0.00    0.00     0.00
 z  : sersic    : (  756.93,   659.45)   15.28     29.97    1.36    0.22   -23.03
                  (    0.00,     0.00)    0.00      0.00    0.00    0.00     0.00
 g  : sersic    : (  676.76,   519.80)   17.91     13.53    1.22    0.67   -63.70
                  (    0.00,     0.00)    0.00      0.00    0.00    0.00     0.00
 r  : sersic    : (  676.76,   519.80)   17.49     12.55    1.33    0.67   -63.70
                  (    0.00,     0.00)    0.00      0.00    0.00    0.00     0.00
 i  : sersic    : (  676.76,   519.80)   17.23     11.61    1.45    0.67   -63.70
                  (    0.00,     0.00)    0.00      0.00    0.00    0.00     0.00
 z  : sersic    : (  676.76,   519.80)   17.19     10.59    1.57    0.67   -63.70
                  (    0.00,     0.00)    0.00      0.00    0.00    0.00     0.00
 g  : sersic    : (  723.35,   783.53)   19.70      2.92    1.12    0.55    12.51
                  (    0.00,     0.00)    0.00      0.00    0.00    0.00     0.00
 r  : sersic    : (  723.35,   783.53)   19.45      3.03    1.18    0.55    12.51
                  (    0.00,     0.00)    0.00      0.00    0.00    0.00     0.00
 i  : sersic    : (  723.35,   783.53)   19.33      3.14    1.24    0.55    12.51
                  (    0.00,     0.00)    0.00      0.00    0.00    0.00     0.00
 z  : sersic    : (  723.35,   783.53)   19.24      3.25    1.30    0.55    12.51
                  (    0.00,     0.00)    0.00      0.00    0.00    0.00     0.00
 g  : sersic    : (  607.51,   767.61)   17.43     15.02    0.93    0.29    78.05
                  (    0.00,     0.00)    0.00      0.00    0.00    0.00     0.00
 r  : sersic    : (  607.51,   767.61)   16.82     14.39    0.99    0.29    78.05
                  (    0.00,     0.00)    0.00      0.00    0.00    0.00     0.00
 i  : sersic    : (  607.51,   767.61)   16.57     13.79    1.04    0.29    78.05
                  (    0.00,     0.00)    0.00      0.00    0.00    0.00     0.00
 z  : sersic    : (  607.51,   767.61)   16.36     13.13    1.10    0.29    78.05
                  (    0.00,     0.00)    0.00      0.00    0.00    0.00     0.00
 g  : sky       : [687.50, 687.50]  1.41e-04  [0.00e+00]  [0.00e+00]
                                1.99e-03  [0.00e+00]  [0.00e+00]
 r  : sky       : [687.50, 687.50]  2.04e-04  [0.00e+00]  [0.00e+00]
                                1.99e-03  [0.00e+00]  [0.00e+00]
 i  : sky       : [687.50, 687.50]  3.97e-04  [0.00e+00]  [0.00e+00]
                                1.99e-03  [0.00e+00]  [0.00e+00]
 z  : sky       : [687.50, 687.50]  3.73e-04  [0.00e+00]  [0.00e+00]
                                1.99e-03  [0.00e+00]  [0.00e+00]
 Chi^2 = 4059921.18638,  ndof = 7254403
 Chi^2/nu = 0.560 

-----------------------------------------------------------------------------
